2021-01-23 19:55:02,273 INFO o.a.j.u.JMeterUtils: Setting Locale to en_EN
2021-01-23 19:55:02,292 INFO o.a.j.JMeter: Loading user properties from: /usr/local/Cellar/jmeter/5.4/libexec/bin/user.properties
2021-01-23 19:55:02,292 INFO o.a.j.JMeter: Loading system properties from: /usr/local/Cellar/jmeter/5.4/libexec/bin/system.properties
2021-01-23 19:55:02,298 INFO o.a.j.JMeter: Copyright (c) 1998-2020 The Apache Software Foundation
2021-01-23 19:55:02,298 INFO o.a.j.JMeter: Version 5.4
2021-01-23 19:55:02,298 INFO o.a.j.JMeter: java.version=15.0.1
2021-01-23 19:55:02,298 INFO o.a.j.JMeter: java.vm.name=OpenJDK 64-Bit Server VM
2021-01-23 19:55:02,298 INFO o.a.j.JMeter: os.name=Mac OS X
2021-01-23 19:55:02,298 INFO o.a.j.JMeter: os.arch=x86_64
2021-01-23 19:55:02,298 INFO o.a.j.JMeter: os.version=10.15.7
2021-01-23 19:55:02,298 INFO o.a.j.JMeter: file.encoding=UTF-8
2021-01-23 19:55:02,298 INFO o.a.j.JMeter: java.awt.headless=true
2021-01-23 19:55:02,298 INFO o.a.j.JMeter: Max memory     =1073741824
2021-01-23 19:55:02,298 INFO o.a.j.JMeter: Available Processors =16
2021-01-23 19:55:02,304 INFO o.a.j.JMeter: Default Locale=English (EN)
2021-01-23 19:55:02,305 INFO o.a.j.JMeter: JMeter  Locale=English (EN)
2021-01-23 19:55:02,305 INFO o.a.j.JMeter: JMeterHome=/usr/local/Cellar/jmeter/5.4/libexec
2021-01-23 19:55:02,305 INFO o.a.j.JMeter: user.dir  =/Users/jimmyshah/workspace/spring-cloud-developer-code
2021-01-23 19:55:02,305 INFO o.a.j.JMeter: PWD       =/Users/jimmyshah/workspace/spring-cloud-developer-code
2021-01-23 19:55:02,306 INFO o.a.j.JMeter: IP: 192.168.2.13 Name: jiviteshs-a01.vmware.com FullName: 192.168.2.13
2021-01-23 19:55:02,311 INFO o.a.j.s.FileServer: Default base='/Users/jimmyshah/workspace/spring-cloud-developer-code'
2021-01-23 19:55:02,312 INFO o.a.j.s.FileServer: Set new base='/Users/jimmyshah/workspace/spring-cloud-developer-code/platform-services/scripts/load-tests/jmeter'
2021-01-23 19:55:02,427 INFO o.a.j.s.SaveService: Testplan (JMX) version: 2.2. Testlog (JTL) version: 2.2
2021-01-23 19:55:02,445 INFO o.a.j.s.SaveService: Using SaveService properties version 5.0
2021-01-23 19:55:02,447 INFO o.a.j.s.SaveService: Using SaveService properties file encoding UTF-8
2021-01-23 19:55:02,450 INFO o.a.j.s.SaveService: Loading file: platform-services/scripts/load-tests/jmeter/CreateTimeEntryTest.jmx
2021-01-23 19:55:02,488 INFO o.a.j.p.h.s.HTTPSamplerBase: Parser for text/html is org.apache.jmeter.protocol.http.parser.LagartoBasedHtmlParser
2021-01-23 19:55:02,488 INFO o.a.j.p.h.s.HTTPSamplerBase: Parser for application/xhtml+xml is org.apache.jmeter.protocol.http.parser.LagartoBasedHtmlParser
2021-01-23 19:55:02,488 INFO o.a.j.p.h.s.HTTPSamplerBase: Parser for application/xml is org.apache.jmeter.protocol.http.parser.LagartoBasedHtmlParser
2021-01-23 19:55:02,488 INFO o.a.j.p.h.s.HTTPSamplerBase: Parser for text/xml is org.apache.jmeter.protocol.http.parser.LagartoBasedHtmlParser
2021-01-23 19:55:02,488 INFO o.a.j.p.h.s.HTTPSamplerBase: Parser for text/vnd.wap.wml is org.apache.jmeter.protocol.http.parser.RegexpHTMLParser
2021-01-23 19:55:02,489 INFO o.a.j.p.h.s.HTTPSamplerBase: Parser for text/css is org.apache.jmeter.protocol.http.parser.CssParser
2021-01-23 19:55:02,504 INFO o.a.j.JMeter: Creating summariser <summary>
2021-01-23 19:55:02,507 INFO o.a.j.e.StandardJMeterEngine: Running the test!
2021-01-23 19:55:02,507 INFO o.a.j.s.SampleEvent: List of sample_variables: []
2021-01-23 19:55:02,507 INFO o.a.j.s.SampleEvent: List of sample_variables: []
2021-01-23 19:55:02,510 INFO o.a.j.e.u.CompoundVariable: Note: Function class names must contain the string: '.functions.'
2021-01-23 19:55:02,510 INFO o.a.j.e.u.CompoundVariable: Note: Function class names must not contain the string: '.gui.'
2021-01-23 19:55:02,569 INFO o.a.j.JMeter: Running test (1611449702568)
2021-01-23 19:55:02,585 INFO o.a.j.e.StandardJMeterEngine: Starting ThreadGroup: 1 : Thread Group
2021-01-23 19:55:02,585 INFO o.a.j.e.StandardJMeterEngine: Starting 10 threads for group Thread Group.
2021-01-23 19:55:02,585 INFO o.a.j.e.StandardJMeterEngine: Thread will continue on error
2021-01-23 19:55:02,585 INFO o.a.j.t.ThreadGroup: Starting thread group... number=1 threads=10 ramp-up=10 delayedStart=false
2021-01-23 19:55:02,589 INFO o.a.j.t.JMeterThread: Thread started: Thread Group 1-1
2021-01-23 19:55:02,591 INFO o.a.j.t.ThreadGroup: Started thread group number 1
2021-01-23 19:55:02,591 INFO o.a.j.e.StandardJMeterEngine: All thread groups have been started
2021-01-23 19:55:02,603 INFO o.a.j.p.h.s.HTTPHCAbstractImpl: Local host = jiviteshs-a01.vmware.com
2021-01-23 19:55:02,608 INFO o.a.j.p.h.s.HTTPHC4Impl: HTTP request retry count = 0
2021-01-23 19:55:02,609 INFO o.a.j.s.SampleResult: Note: Sample TimeStamps are START times
2021-01-23 19:55:02,609 INFO o.a.j.s.SampleResult: sampleresult.default.encoding is set to ISO-8859-1
2021-01-23 19:55:02,609 INFO o.a.j.s.SampleResult: sampleresult.useNanoTime=true
2021-01-23 19:55:02,609 INFO o.a.j.s.SampleResult: sampleresult.nanoThreadSleep=5000
2021-01-23 19:55:03,042 INFO o.a.j.r.Summariser: summary +      1 in 00:00:00 =    2.1/s Avg:   385 Min:   385 Max:   385 Err:     0 (0.00%) Active: 1 Started: 1 Finished: 0
2021-01-23 19:55:03,590 INFO o.a.j.t.JMeterThread: Thread started: Thread Group 1-2
2021-01-23 19:55:04,589 INFO o.a.j.t.JMeterThread: Thread started: Thread Group 1-3
2021-01-23 19:55:05,589 INFO o.a.j.t.JMeterThread: Thread started: Thread Group 1-4
2021-01-23 19:55:06,589 INFO o.a.j.t.JMeterThread: Thread started: Thread Group 1-5
2021-01-23 19:55:07,589 INFO o.a.j.t.JMeterThread: Thread started: Thread Group 1-6
2021-01-23 19:55:08,589 INFO o.a.j.t.JMeterThread: Thread started: Thread Group 1-7
2021-01-23 19:55:09,589 INFO o.a.j.t.JMeterThread: Thread started: Thread Group 1-8
2021-01-23 19:55:10,591 INFO o.a.j.t.JMeterThread: Thread started: Thread Group 1-9
2021-01-23 19:55:11,591 INFO o.a.j.t.JMeterThread: Thread started: Thread Group 1-10
2021-01-23 19:55:30,137 INFO o.a.j.r.Summariser: summary +    273 in 00:00:27 =   10.1/s Avg:   138 Min:   111 Max:   163 Err:     0 (0.00%) Active: 10 Started: 10 Finished: 0
2021-01-23 19:55:30,138 INFO o.a.j.r.Summariser: summary =    274 in 00:00:28 =    9.9/s Avg:   139 Min:   111 Max:   385 Err:     0 (0.00%)
2021-01-23 19:55:41,838 INFO o.a.j.r.ResultCollector: Shutdown hook started
2021-01-23 19:55:41,839 INFO o.a.j.r.ResultCollector: Shutdown hook ended
